[2025-11-03T08:18:09.853Z] Email: a@a.a | Name: a | Verification Code: 802176
[2025-11-03T08:23:45.392Z] Email: b@b.b | Name: b | Verification Code: 921712
[2025-11-03T08:24:01.423Z] Email: b@b.b | Name: b | Verification Code: 915354
[2025-11-03T08:24:48.598Z] Email: c@c.c | Name: c | Verification Code: 664992
[2025-11-03T08:27:06.896Z] Email: c@c.c | Name: c | Verification Code: 896996
[2025-11-03T08:27:32.009Z] Email: d@d.d | Name: d | Verification Code: 497061
[2025-11-03T08:27:43.328Z] Email: d@d.d | Name: d | Verification Code: 187445
[2025-11-03T09:02:55.977Z] Email: a@a.a | Name: a | Verification Code: 767965
[2025-11-03T10:21:07.954Z] Email: a@a.a | Name: a | Verification Code: 655496
[2025-11-03T10:23:36.550Z] Email: a@a.a | Name: a | Verification Code: 150279
[2025-11-03T10:26:13.028Z] Email: b@b.b | Name: b | Verification Code: 478869
[2025-11-03T10:36:44.405Z] Email: c@c.c | Name: c | Verification Code: 111680
[2025-11-03T10:36:58.911Z] Email: d@d.d | Name: d | Verification Code: 110215
[2025-11-03T10:37:02.434Z] Email: d@d.d | Name: d | Verification Code: 480384
[2025-11-03T10:40:27.773Z] Email: e@e.e | Name: e | Verification Code: 206240
[2025-11-03T10:46:13.475Z] Email: w@w.w | Name: w | Verification Code: 569057
[2025-11-03T10:48:43.123Z] Email: w@w.w | Name: w | Verification Code: 271052
[2025-11-03T11:01:54.356Z] Email: a@a.a | Name: a | Verification Code: 624351
[2025-11-03T13:45:59.445Z] Email: amirmas112@gmail.com | Name: b | Verification Code: 110210
[2025-11-03T13:50:04.380Z] Email: a@a.aa | Name: a | Verification Code: 160097
[2025-11-03T14:11:13.883Z] Email: amirmas@post.bgu.ac.il | Name: amir | Verification Code: 690957
[2025-11-03T18:05:41.073Z] Email: amir@amir.amir | Name: amir | Verification Code: 767461
[2025-11-03T18:06:45.697Z] Email: amir@amir.amir | Name: amir | Verification Code: 652423
[2025-11-03T18:28:10.075Z] Email: ami1r@amir.amir | Name: amir masarwa | Verification Code: 390713
[2025-11-03T18:34:28.015Z] Email: amir@amir.aaa | Name: n | Verification Code: 220668
[2025-11-03T18:34:32.173Z] Email: amir@amir.aaa | Name: n | Verification Code: 854278
[2025-11-03T18:34:48.876Z] Email: amir@amir.aaa | Name: n | Verification Code: 631946
[2025-11-04T07:08:02.599Z] Email: aa@aa.aa | Name: aa | Verification Code: 463804
[2025-11-04T07:58:46.909Z] Email: amir@as.as | Name: as | Verification Code: 161960
[2025-11-04T07:59:46.245Z] Email: amir@as.as | Name: as | Verification Code: 498478
